<?xml version="1.0" encoding="UTF-8"?>
<testsuite name="hexlet.code.controller.UrlControllerTest" tests="4" skipped="0" failures="0" errors="0" timestamp="2025-06-22T11:49:46" hostname="home-A620M-GAMING-X" time="0.396">
  <properties/>
  <testcase name="readAllTest()" classname="hexlet.code.controller.UrlControllerTest" time="0.11"/>
  <testcase name="indexTest()" classname="hexlet.code.controller.UrlControllerTest" time="0.096"/>
  <testcase name="readByIdTest()" classname="hexlet.code.controller.UrlControllerTest" time="0.097"/>
  <testcase name="createTest()" classname="hexlet.code.controller.UrlControllerTest" time="0.091"/>
  <system-out><![CDATA[14:49:46.129 [Test worker] INFO  com.zaxxer.hikari.HikariDataSource - HikariPool-3 - Starting...
14:49:46.129 [Test worker] INFO  com.zaxxer.hikari.pool.HikariPool - HikariPool-3 - Added connection conn20: url=jdbc:h2:mem:project user=
14:49:46.130 [Test worker] INFO  com.zaxxer.hikari.HikariDataSource - HikariPool-3 - Start completed.
14:49:46.133 [Test worker] INFO  io.javalin.Javalin - JAVALIN HANDLER REGISTRATION DEBUG LOG: GET[/]
14:49:46.133 [Test worker] INFO  io.javalin.Javalin - JAVALIN HANDLER REGISTRATION DEBUG LOG: GET[/urls]
14:49:46.133 [Test worker] INFO  io.javalin.Javalin - JAVALIN HANDLER REGISTRATION DEBUG LOG: GET[/urls/{id}]
14:49:46.133 [Test worker] INFO  io.javalin.Javalin - JAVALIN HANDLER REGISTRATION DEBUG LOG: POST[/urls]
14:49:46.134 [Test worker] INFO  io.javalin.Javalin - JAVALIN HANDLER REGISTRATION DEBUG LOG: POST[/urls/{id}/checks]
14:49:46.239 [Test worker] INFO  com.zaxxer.hikari.HikariDataSource - HikariPool-4 - Starting...
14:49:46.240 [Test worker] INFO  com.zaxxer.hikari.pool.HikariPool - HikariPool-4 - Added connection conn22: url=jdbc:h2:mem:project user=
14:49:46.240 [Test worker] INFO  com.zaxxer.hikari.HikariDataSource - HikariPool-4 - Start completed.
14:49:46.243 [Test worker] INFO  io.javalin.Javalin - JAVALIN HANDLER REGISTRATION DEBUG LOG: GET[/]
14:49:46.243 [Test worker] INFO  io.javalin.Javalin - JAVALIN HANDLER REGISTRATION DEBUG LOG: GET[/urls]
14:49:46.243 [Test worker] INFO  io.javalin.Javalin - JAVALIN HANDLER REGISTRATION DEBUG LOG: GET[/urls/{id}]
14:49:46.243 [Test worker] INFO  io.javalin.Javalin - JAVALIN HANDLER REGISTRATION DEBUG LOG: POST[/urls]
14:49:46.243 [Test worker] INFO  io.javalin.Javalin - JAVALIN HANDLER REGISTRATION DEBUG LOG: POST[/urls/{id}/checks]
14:49:46.335 [Test worker] INFO  com.zaxxer.hikari.HikariDataSource - HikariPool-5 - Starting...
14:49:46.336 [Test worker] INFO  com.zaxxer.hikari.pool.HikariPool - HikariPool-5 - Added connection conn26: url=jdbc:h2:mem:project user=
14:49:46.336 [Test worker] INFO  com.zaxxer.hikari.HikariDataSource - HikariPool-5 - Start completed.
14:49:46.339 [Test worker] INFO  io.javalin.Javalin - JAVALIN HANDLER REGISTRATION DEBUG LOG: GET[/]
14:49:46.340 [Test worker] INFO  io.javalin.Javalin - JAVALIN HANDLER REGISTRATION DEBUG LOG: GET[/urls]
14:49:46.340 [Test worker] INFO  io.javalin.Javalin - JAVALIN HANDLER REGISTRATION DEBUG LOG: GET[/urls/{id}]
14:49:46.340 [Test worker] INFO  io.javalin.Javalin - JAVALIN HANDLER REGISTRATION DEBUG LOG: POST[/urls]
14:49:46.340 [Test worker] INFO  io.javalin.Javalin - JAVALIN HANDLER REGISTRATION DEBUG LOG: POST[/urls/{id}/checks]
14:49:46.433 [Test worker] INFO  com.zaxxer.hikari.HikariDataSource - HikariPool-6 - Starting...
14:49:46.434 [Test worker] INFO  com.zaxxer.hikari.pool.HikariPool - HikariPool-6 - Added connection conn33: url=jdbc:h2:mem:project user=
14:49:46.434 [Test worker] INFO  com.zaxxer.hikari.HikariDataSource - HikariPool-6 - Start completed.
14:49:46.437 [Test worker] INFO  io.javalin.Javalin - JAVALIN HANDLER REGISTRATION DEBUG LOG: GET[/]
14:49:46.438 [Test worker] INFO  io.javalin.Javalin - JAVALIN HANDLER REGISTRATION DEBUG LOG: GET[/urls]
14:49:46.438 [Test worker] INFO  io.javalin.Javalin - JAVALIN HANDLER REGISTRATION DEBUG LOG: GET[/urls/{id}]
14:49:46.438 [Test worker] INFO  io.javalin.Javalin - JAVALIN HANDLER REGISTRATION DEBUG LOG: POST[/urls]
14:49:46.438 [Test worker] INFO  io.javalin.Javalin - JAVALIN HANDLER REGISTRATION DEBUG LOG: POST[/urls/{id}/checks]
]]></system-out>
  <system-err><![CDATA[]]></system-err>
</testsuite>
