<?xml version="1.0" encoding="UTF-8"?>
<testsuite name="hexlet.code.controller.UrlControllerTest" tests="4" skipped="0" failures="0" errors="0" timestamp="2025-06-22T13:30:50" hostname="home-A620M-GAMING-X" time="0.42">
  <properties/>
  <testcase name="readAllTest()" classname="hexlet.code.controller.UrlControllerTest" time="0.123"/>
  <testcase name="indexTest()" classname="hexlet.code.controller.UrlControllerTest" time="0.1"/>
  <testcase name="readByIdTest()" classname="hexlet.code.controller.UrlControllerTest" time="0.107"/>
  <testcase name="createTest()" classname="hexlet.code.controller.UrlControllerTest" time="0.09"/>
  <system-out><![CDATA[16:30:50.811 [Test worker] INFO  com.zaxxer.hikari.HikariDataSource - HikariPool-3 - Starting...
16:30:50.812 [Test worker] INFO  com.zaxxer.hikari.pool.HikariPool - HikariPool-3 - Added connection conn20: url=jdbc:h2:mem:project user=
16:30:50.812 [Test worker] INFO  com.zaxxer.hikari.HikariDataSource - HikariPool-3 - Start completed.
16:30:50.818 [Test worker] INFO  io.javalin.Javalin - JAVALIN HANDLER REGISTRATION DEBUG LOG: GET[/]
16:30:50.818 [Test worker] INFO  io.javalin.Javalin - JAVALIN HANDLER REGISTRATION DEBUG LOG: GET[/urls]
16:30:50.818 [Test worker] INFO  io.javalin.Javalin - JAVALIN HANDLER REGISTRATION DEBUG LOG: GET[/urls/{id}]
16:30:50.818 [Test worker] INFO  io.javalin.Javalin - JAVALIN HANDLER REGISTRATION DEBUG LOG: POST[/urls]
16:30:50.819 [Test worker] INFO  io.javalin.Javalin - JAVALIN HANDLER REGISTRATION DEBUG LOG: POST[/urls/{id}/checks]
16:30:50.935 [Test worker] INFO  com.zaxxer.hikari.HikariDataSource - HikariPool-4 - Starting...
16:30:50.935 [Test worker] INFO  com.zaxxer.hikari.pool.HikariPool - HikariPool-4 - Added connection conn22: url=jdbc:h2:mem:project user=
16:30:50.936 [Test worker] INFO  com.zaxxer.hikari.HikariDataSource - HikariPool-4 - Start completed.
16:30:50.939 [Test worker] INFO  io.javalin.Javalin - JAVALIN HANDLER REGISTRATION DEBUG LOG: GET[/]
16:30:50.939 [Test worker] INFO  io.javalin.Javalin - JAVALIN HANDLER REGISTRATION DEBUG LOG: GET[/urls]
16:30:50.939 [Test worker] INFO  io.javalin.Javalin - JAVALIN HANDLER REGISTRATION DEBUG LOG: GET[/urls/{id}]
16:30:50.939 [Test worker] INFO  io.javalin.Javalin - JAVALIN HANDLER REGISTRATION DEBUG LOG: POST[/urls]
16:30:50.939 [Test worker] INFO  io.javalin.Javalin - JAVALIN HANDLER REGISTRATION DEBUG LOG: POST[/urls/{id}/checks]
16:30:51.035 [Test worker] INFO  com.zaxxer.hikari.HikariDataSource - HikariPool-5 - Starting...
16:30:51.036 [Test worker] INFO  com.zaxxer.hikari.pool.HikariPool - HikariPool-5 - Added connection conn26: url=jdbc:h2:mem:project user=
16:30:51.036 [Test worker] INFO  com.zaxxer.hikari.HikariDataSource - HikariPool-5 - Start completed.
16:30:51.040 [Test worker] INFO  io.javalin.Javalin - JAVALIN HANDLER REGISTRATION DEBUG LOG: GET[/]
16:30:51.040 [Test worker] INFO  io.javalin.Javalin - JAVALIN HANDLER REGISTRATION DEBUG LOG: GET[/urls]
16:30:51.040 [Test worker] INFO  io.javalin.Javalin - JAVALIN HANDLER REGISTRATION DEBUG LOG: GET[/urls/{id}]
16:30:51.040 [Test worker] INFO  io.javalin.Javalin - JAVALIN HANDLER REGISTRATION DEBUG LOG: POST[/urls]
16:30:51.040 [Test worker] INFO  io.javalin.Javalin - JAVALIN HANDLER REGISTRATION DEBUG LOG: POST[/urls/{id}/checks]
16:30:51.142 [Test worker] INFO  com.zaxxer.hikari.HikariDataSource - HikariPool-6 - Starting...
16:30:51.143 [Test worker] INFO  com.zaxxer.hikari.pool.HikariPool - HikariPool-6 - Added connection conn36: url=jdbc:h2:mem:project user=
16:30:51.143 [Test worker] INFO  com.zaxxer.hikari.HikariDataSource - HikariPool-6 - Start completed.
16:30:51.146 [Test worker] INFO  io.javalin.Javalin - JAVALIN HANDLER REGISTRATION DEBUG LOG: GET[/]
16:30:51.146 [Test worker] INFO  io.javalin.Javalin - JAVALIN HANDLER REGISTRATION DEBUG LOG: GET[/urls]
16:30:51.146 [Test worker] INFO  io.javalin.Javalin - JAVALIN HANDLER REGISTRATION DEBUG LOG: GET[/urls/{id}]
16:30:51.146 [Test worker] INFO  io.javalin.Javalin - JAVALIN HANDLER REGISTRATION DEBUG LOG: POST[/urls]
16:30:51.146 [Test worker] INFO  io.javalin.Javalin - JAVALIN HANDLER REGISTRATION DEBUG LOG: POST[/urls/{id}/checks]
]]></system-out>
  <system-err><![CDATA[]]></system-err>
</testsuite>
