<?xml version="1.0" encoding="UTF-8"?>
<testsuite name="hexlet.code.controller.UrlCheckControllerTest" tests="2" skipped="0" failures="0" errors="0" timestamp="2025-06-22T11:49:43" hostname="home-A620M-GAMING-X" time="2.593">
  <properties/>
  <testcase name="mockServerTest()" classname="hexlet.code.controller.UrlCheckControllerTest" time="1.588"/>
  <testcase name="createTest()" classname="hexlet.code.controller.UrlCheckControllerTest" time="1.004"/>
  <system-out><![CDATA[14:49:43.677 [Test worker] INFO  com.zaxxer.hikari.HikariDataSource - HikariPool-1 - Starting...
14:49:43.913 [Test worker] INFO  com.zaxxer.hikari.pool.HikariPool - HikariPool-1 - Added connection conn0: url=jdbc:h2:mem:project user=
14:49:43.917 [Test worker] INFO  com.zaxxer.hikari.HikariDataSource - HikariPool-1 - Start completed.
14:49:44.055 [Test worker] INFO  io.javalin.Javalin - JAVALIN HANDLER REGISTRATION DEBUG LOG: GET[/]
14:49:44.057 [Test worker] INFO  io.javalin.Javalin - JAVALIN HANDLER REGISTRATION DEBUG LOG: GET[/urls]
14:49:44.058 [Test worker] INFO  io.javalin.Javalin - JAVALIN HANDLER REGISTRATION DEBUG LOG: GET[/urls/{id}]
14:49:44.059 [Test worker] INFO  io.javalin.Javalin - JAVALIN HANDLER REGISTRATION DEBUG LOG: POST[/urls]
14:49:44.059 [Test worker] INFO  io.javalin.Javalin - JAVALIN HANDLER REGISTRATION DEBUG LOG: POST[/urls/{id}/checks]
14:49:45.121 [Test worker] INFO  com.zaxxer.hikari.HikariDataSource - HikariPool-2 - Starting...
14:49:45.122 [Test worker] INFO  com.zaxxer.hikari.pool.HikariPool - HikariPool-2 - Added connection conn10: url=jdbc:h2:mem:project user=
14:49:45.122 [Test worker] INFO  com.zaxxer.hikari.HikariDataSource - HikariPool-2 - Start completed.
14:49:45.127 [Test worker] INFO  io.javalin.Javalin - JAVALIN HANDLER REGISTRATION DEBUG LOG: GET[/]
14:49:45.127 [Test worker] INFO  io.javalin.Javalin - JAVALIN HANDLER REGISTRATION DEBUG LOG: GET[/urls]
14:49:45.127 [Test worker] INFO  io.javalin.Javalin - JAVALIN HANDLER REGISTRATION DEBUG LOG: GET[/urls/{id}]
14:49:45.127 [Test worker] INFO  io.javalin.Javalin - JAVALIN HANDLER REGISTRATION DEBUG LOG: POST[/urls]
14:49:45.127 [Test worker] INFO  io.javalin.Javalin - JAVALIN HANDLER REGISTRATION DEBUG LOG: POST[/urls/{id}/checks]
]]></system-out>
  <system-err><![CDATA[]]></system-err>
</testsuite>
