<?xml version="1.0" encoding="UTF-8"?>
<testsuite name="hexlet.code.controller.UrlCheckControllerTest" tests="2" skipped="0" failures="0" errors="0" timestamp="2025-06-22T13:30:48" hostname="home-A620M-GAMING-X" time="2.71">
  <properties/>
  <testcase name="mockServerTest()" classname="hexlet.code.controller.UrlCheckControllerTest" time="1.683"/>
  <testcase name="createTest()" classname="hexlet.code.controller.UrlCheckControllerTest" time="1.026"/>
  <system-out><![CDATA[16:30:48.249 [Test worker] INFO  com.zaxxer.hikari.HikariDataSource - HikariPool-1 - Starting...
16:30:48.486 [Test worker] INFO  com.zaxxer.hikari.pool.HikariPool - HikariPool-1 - Added connection conn0: url=jdbc:h2:mem:project user=
16:30:48.489 [Test worker] INFO  com.zaxxer.hikari.HikariDataSource - HikariPool-1 - Start completed.
16:30:48.633 [Test worker] INFO  io.javalin.Javalin - JAVALIN HANDLER REGISTRATION DEBUG LOG: GET[/]
16:30:48.636 [Test worker] INFO  io.javalin.Javalin - JAVALIN HANDLER REGISTRATION DEBUG LOG: GET[/urls]
16:30:48.637 [Test worker] INFO  io.javalin.Javalin - JAVALIN HANDLER REGISTRATION DEBUG LOG: GET[/urls/{id}]
16:30:48.637 [Test worker] INFO  io.javalin.Javalin - JAVALIN HANDLER REGISTRATION DEBUG LOG: POST[/urls]
16:30:48.638 [Test worker] INFO  io.javalin.Javalin - JAVALIN HANDLER REGISTRATION DEBUG LOG: POST[/urls/{id}/checks]
16:30:49.781 [Test worker] INFO  com.zaxxer.hikari.HikariDataSource - HikariPool-2 - Starting...
16:30:49.781 [Test worker] INFO  com.zaxxer.hikari.pool.HikariPool - HikariPool-2 - Added connection conn10: url=jdbc:h2:mem:project user=
16:30:49.782 [Test worker] INFO  com.zaxxer.hikari.HikariDataSource - HikariPool-2 - Start completed.
16:30:49.786 [Test worker] INFO  io.javalin.Javalin - JAVALIN HANDLER REGISTRATION DEBUG LOG: GET[/]
16:30:49.786 [Test worker] INFO  io.javalin.Javalin - JAVALIN HANDLER REGISTRATION DEBUG LOG: GET[/urls]
16:30:49.786 [Test worker] INFO  io.javalin.Javalin - JAVALIN HANDLER REGISTRATION DEBUG LOG: GET[/urls/{id}]
16:30:49.786 [Test worker] INFO  io.javalin.Javalin - JAVALIN HANDLER REGISTRATION DEBUG LOG: POST[/urls]
16:30:49.786 [Test worker] INFO  io.javalin.Javalin - JAVALIN HANDLER REGISTRATION DEBUG LOG: POST[/urls/{id}/checks]
]]></system-out>
  <system-err><![CDATA[]]></system-err>
</testsuite>
